2024-06-03 14:00:37,741 - root - INFO - **************** Starting Store Module Test *****************
2024-06-03 14:00:37,803 - root - INFO - **************** Starting Store Module Test *****************
2024-06-03 14:00:37,803 - root - INFO - **************** Starting Store Module Test *****************
2024-06-03 14:00:37,931 - root - INFO - **************** Starting User Module Test *****************
2024-06-03 14:00:37,931 - root - INFO - **************** Starting User Module Test *****************
2024-06-03 14:00:37,931 - root - INFO - **************** Starting User Module Test *****************
2024-06-03 14:00:38,440 - root - INFO - **************** Placing Order *****************
2024-06-03 14:00:38,440 - root - INFO - **************** Placing Order *****************
2024-06-03 14:00:38,440 - root - INFO - **************** Placing Order *****************
2024-06-03 14:00:40,857 - root - INFO - **************** Order Placed *****************
2024-06-03 14:00:40,857 - root - INFO - **************** Order Placed *****************
2024-06-03 14:00:40,857 - root - INFO - **************** Order Placed *****************
2024-06-03 14:00:40,865 - root - INFO - **************** Getting Order Info *****************
2024-06-03 14:00:40,865 - root - INFO - **************** Getting Order Info *****************
2024-06-03 14:00:40,865 - root - INFO - **************** Getting Order Info *****************
2024-06-03 14:00:42,623 - root - INFO - **************** Order Info Displayed *****************
2024-06-03 14:00:42,623 - root - INFO - **************** Order Info Displayed *****************
2024-06-03 14:00:42,623 - root - INFO - **************** Order Info Displayed *****************
2024-06-03 14:00:42,625 - root - INFO - **************** Validating Order Info *****************
2024-06-03 14:00:42,625 - root - INFO - **************** Validating Order Info *****************
2024-06-03 14:00:42,625 - root - INFO - **************** Validating Order Info *****************
2024-06-03 14:00:42,626 - root - INFO - **************** Order Info Validation Successful *****************
2024-06-03 14:00:42,626 - root - INFO - **************** Order Info Validation Successful *****************
2024-06-03 14:00:42,626 - root - INFO - **************** Order Info Validation Successful *****************
2024-06-03 14:00:42,633 - root - INFO - **************** Deleting Order *****************
2024-06-03 14:00:42,633 - root - INFO - **************** Deleting Order *****************
2024-06-03 14:00:42,633 - root - INFO - **************** Deleting Order *****************
2024-06-03 14:00:44,393 - root - INFO - **************** Order Deleted *****************
2024-06-03 14:00:44,393 - root - INFO - **************** Order Deleted *****************
2024-06-03 14:00:44,393 - root - INFO - **************** Order Deleted *****************
2024-06-03 14:00:44,393 - root - INFO - **************** Store Module Test Passed *****************
2024-06-03 14:00:44,393 - root - INFO - **************** Store Module Test Passed *****************
2024-06-03 14:00:44,393 - root - INFO - **************** Store Module Test Passed *****************
2024-06-03 14:00:44,400 - root - INFO - **************** Adding Pet *****************
2024-06-03 14:00:44,400 - root - INFO - **************** Adding Pet *****************
2024-06-03 14:00:44,400 - root - INFO - **************** Adding Pet *****************
2024-06-03 14:00:46,180 - root - INFO - **************** Pet Added Successfully *****************
2024-06-03 14:00:46,180 - root - INFO - **************** Pet Added Successfully *****************
2024-06-03 14:00:46,180 - root - INFO - **************** Pet Added Successfully *****************
2024-06-03 14:00:46,186 - root - INFO - **************** Getting Pet Info *****************
2024-06-03 14:00:46,186 - root - INFO - **************** Getting Pet Info *****************
2024-06-03 14:00:46,186 - root - INFO - **************** Getting Pet Info *****************
2024-06-03 14:00:47,828 - root - INFO - **************** Pet Info Fetched *****************
2024-06-03 14:00:47,828 - root - INFO - **************** Pet Info Fetched *****************
2024-06-03 14:00:47,828 - root - INFO - **************** Pet Info Fetched *****************
2024-06-03 14:00:47,831 - root - INFO - **************** Validating Pet Data *****************
2024-06-03 14:00:47,831 - root - INFO - **************** Validating Pet Data *****************
2024-06-03 14:00:47,831 - root - INFO - **************** Validating Pet Data *****************
2024-06-03 14:00:47,839 - root - INFO - **************** Updating Pet Data *****************
2024-06-03 14:00:47,839 - root - INFO - **************** Updating Pet Data *****************
2024-06-03 14:00:47,839 - root - INFO - **************** Updating Pet Data *****************
2024-06-03 14:00:49,506 - root - INFO - **************** Pet Data Updated*****************
2024-06-03 14:00:49,506 - root - INFO - **************** Pet Data Updated*****************
2024-06-03 14:00:49,506 - root - INFO - **************** Pet Data Updated*****************
2024-06-03 14:00:49,509 - root - INFO - **************** Validating Updated Pet Data *****************
2024-06-03 14:00:49,509 - root - INFO - **************** Validating Updated Pet Data *****************
2024-06-03 14:00:49,509 - root - INFO - **************** Validating Updated Pet Data *****************
2024-06-03 14:00:49,517 - root - INFO - **************** Deleting Pet *****************
2024-06-03 14:00:49,517 - root - INFO - **************** Deleting Pet *****************
2024-06-03 14:00:49,517 - root - INFO - **************** Deleting Pet *****************
2024-06-03 14:00:51,195 - root - INFO - **************** Pet Deleted *****************
2024-06-03 14:00:51,195 - root - INFO - **************** Pet Deleted *****************
2024-06-03 14:00:51,195 - root - INFO - **************** Pet Deleted *****************
2024-06-03 14:00:51,196 - root - INFO - **************** Pet Module Test Passed *****************
2024-06-03 14:00:51,196 - root - INFO - **************** Pet Module Test Passed *****************
2024-06-03 14:00:51,196 - root - INFO - **************** Pet Module Test Passed *****************
2024-06-03 14:00:51,203 - root - INFO - **************** Creating User *****************
2024-06-03 14:00:51,203 - root - INFO - **************** Creating User *****************
2024-06-03 14:00:51,203 - root - INFO - **************** Creating User *****************
2024-06-03 14:00:52,984 - root - INFO - **************** User Created *****************
2024-06-03 14:00:52,984 - root - INFO - **************** User Created *****************
2024-06-03 14:00:52,984 - root - INFO - **************** User Created *****************
2024-06-03 14:00:52,990 - root - INFO - **************** Getting User Info *****************
2024-06-03 14:00:52,990 - root - INFO - **************** Getting User Info *****************
2024-06-03 14:00:52,990 - root - INFO - **************** Getting User Info *****************
2024-06-03 14:00:54,622 - root - INFO - **************** User Info Displayed *****************
2024-06-03 14:00:54,622 - root - INFO - **************** User Info Displayed *****************
2024-06-03 14:00:54,622 - root - INFO - **************** User Info Displayed *****************
2024-06-03 14:00:54,624 - root - INFO - **************** Validating User Data *****************
2024-06-03 14:00:54,624 - root - INFO - **************** Validating User Data *****************
2024-06-03 14:00:54,624 - root - INFO - **************** Validating User Data *****************
2024-06-03 14:00:54,626 - root - INFO - **************** User Data Validated *****************
2024-06-03 14:00:54,626 - root - INFO - **************** User Data Validated *****************
2024-06-03 14:00:54,626 - root - INFO - **************** User Data Validated *****************
2024-06-03 14:00:54,634 - root - INFO - **************** Updating User Info *****************
2024-06-03 14:00:54,634 - root - INFO - **************** Updating User Info *****************
2024-06-03 14:00:54,634 - root - INFO - **************** Updating User Info *****************
2024-06-03 14:00:56,404 - root - INFO - **************** User Data Updated *****************
2024-06-03 14:00:56,404 - root - INFO - **************** User Data Updated *****************
2024-06-03 14:00:56,404 - root - INFO - **************** User Data Updated *****************
2024-06-03 14:00:56,405 - root - INFO - **************** Validating Updated Data *****************
2024-06-03 14:00:56,405 - root - INFO - **************** Validating Updated Data *****************
2024-06-03 14:00:56,405 - root - INFO - **************** Validating Updated Data *****************
2024-06-03 14:00:56,406 - root - INFO - **************** Updated Data Validation Failed*****************
2024-06-03 14:00:56,406 - root - INFO - **************** Updated Data Validation Failed*****************
2024-06-03 14:00:56,406 - root - INFO - **************** Updated Data Validation Failed*****************
2024-06-03 14:00:56,415 - root - INFO - **************** Deleting User *****************
2024-06-03 14:00:56,415 - root - INFO - **************** Deleting User *****************
2024-06-03 14:00:56,415 - root - INFO - **************** Deleting User *****************
2024-06-03 14:00:58,071 - root - INFO - **************** User Deleted*****************
2024-06-03 14:00:58,071 - root - INFO - **************** User Deleted*****************
2024-06-03 14:00:58,071 - root - INFO - **************** User Deleted*****************
2024-06-03 14:00:58,072 - root - INFO - **************** User Module Test Passed *****************
2024-06-03 14:00:58,072 - root - INFO - **************** User Module Test Passed *****************
2024-06-03 14:00:58,072 - root - INFO - **************** User Module Test Passed *****************
2024-06-03 14:04:06,127 - root - INFO - **************** Starting Store Module Test *****************
2024-06-03 14:04:06,135 - root - INFO - **************** Starting Store Module Test *****************
2024-06-03 14:04:06,135 - root - INFO - **************** Starting Store Module Test *****************
2024-06-03 14:04:06,141 - root - INFO - **************** Starting User Module Test *****************
2024-06-03 14:04:06,141 - root - INFO - **************** Starting User Module Test *****************
2024-06-03 14:04:06,141 - root - INFO - **************** Starting User Module Test *****************
2024-06-03 14:04:06,351 - root - INFO - **************** Placing Order *****************
2024-06-03 14:04:06,351 - root - INFO - **************** Placing Order *****************
2024-06-03 14:04:06,351 - root - INFO - **************** Placing Order *****************
2024-06-03 14:04:08,378 - root - INFO - **************** Order Placed *****************
2024-06-03 14:04:08,378 - root - INFO - **************** Order Placed *****************
2024-06-03 14:04:08,378 - root - INFO - **************** Order Placed *****************
2024-06-03 14:04:08,388 - root - INFO - **************** Getting Order Info *****************
2024-06-03 14:04:08,388 - root - INFO - **************** Getting Order Info *****************
2024-06-03 14:04:08,388 - root - INFO - **************** Getting Order Info *****************
2024-06-03 14:04:10,076 - root - INFO - **************** Order Info Displayed *****************
2024-06-03 14:04:10,076 - root - INFO - **************** Order Info Displayed *****************
2024-06-03 14:04:10,076 - root - INFO - **************** Order Info Displayed *****************
2024-06-03 14:04:10,077 - root - INFO - **************** Validating Order Info *****************
2024-06-03 14:04:10,077 - root - INFO - **************** Validating Order Info *****************
2024-06-03 14:04:10,077 - root - INFO - **************** Validating Order Info *****************
2024-06-03 14:04:10,078 - root - INFO - **************** Order Info Validation Successful *****************
2024-06-03 14:04:10,078 - root - INFO - **************** Order Info Validation Successful *****************
2024-06-03 14:04:10,078 - root - INFO - **************** Order Info Validation Successful *****************
2024-06-03 14:04:10,087 - root - INFO - **************** Deleting Order *****************
2024-06-03 14:04:10,087 - root - INFO - **************** Deleting Order *****************
2024-06-03 14:04:10,087 - root - INFO - **************** Deleting Order *****************
2024-06-03 14:04:11,897 - root - INFO - **************** Order Deleted *****************
2024-06-03 14:04:11,897 - root - INFO - **************** Order Deleted *****************
2024-06-03 14:04:11,897 - root - INFO - **************** Order Deleted *****************
2024-06-03 14:04:11,897 - root - INFO - **************** Store Module Test Passed *****************
2024-06-03 14:04:11,897 - root - INFO - **************** Store Module Test Passed *****************
2024-06-03 14:04:11,897 - root - INFO - **************** Store Module Test Passed *****************
2024-06-03 14:04:11,904 - root - INFO - **************** Adding Pet *****************
2024-06-03 14:04:11,904 - root - INFO - **************** Adding Pet *****************
2024-06-03 14:04:11,904 - root - INFO - **************** Adding Pet *****************
2024-06-03 14:04:13,770 - root - INFO - **************** Pet Added Successfully *****************
2024-06-03 14:04:13,770 - root - INFO - **************** Pet Added Successfully *****************
2024-06-03 14:04:13,770 - root - INFO - **************** Pet Added Successfully *****************
2024-06-03 14:04:13,777 - root - INFO - **************** Getting Pet Info *****************
2024-06-03 14:04:13,777 - root - INFO - **************** Getting Pet Info *****************
2024-06-03 14:04:13,777 - root - INFO - **************** Getting Pet Info *****************
2024-06-03 14:04:15,688 - root - INFO - **************** Pet Info Fetched *****************
2024-06-03 14:04:15,688 - root - INFO - **************** Pet Info Fetched *****************
2024-06-03 14:04:15,688 - root - INFO - **************** Pet Info Fetched *****************
2024-06-03 14:04:15,692 - root - INFO - **************** Validating Pet Data *****************
2024-06-03 14:04:15,692 - root - INFO - **************** Validating Pet Data *****************
2024-06-03 14:04:15,692 - root - INFO - **************** Validating Pet Data *****************
2024-06-03 14:04:15,703 - root - INFO - **************** Updating Pet Data *****************
2024-06-03 14:04:15,703 - root - INFO - **************** Updating Pet Data *****************
2024-06-03 14:04:15,703 - root - INFO - **************** Updating Pet Data *****************
2024-06-03 14:04:17,448 - root - INFO - **************** Pet Data Updated*****************
2024-06-03 14:04:17,448 - root - INFO - **************** Pet Data Updated*****************
2024-06-03 14:04:17,448 - root - INFO - **************** Pet Data Updated*****************
2024-06-03 14:04:17,451 - root - INFO - **************** Validating Updated Pet Data *****************
2024-06-03 14:04:17,451 - root - INFO - **************** Validating Updated Pet Data *****************
2024-06-03 14:04:17,451 - root - INFO - **************** Validating Updated Pet Data *****************
2024-06-03 14:04:17,459 - root - INFO - **************** Deleting Pet *****************
2024-06-03 14:04:17,459 - root - INFO - **************** Deleting Pet *****************
2024-06-03 14:04:17,459 - root - INFO - **************** Deleting Pet *****************
2024-06-03 14:04:19,337 - root - INFO - **************** Pet Deleted *****************
2024-06-03 14:04:19,337 - root - INFO - **************** Pet Deleted *****************
2024-06-03 14:04:19,337 - root - INFO - **************** Pet Deleted *****************
2024-06-03 14:04:19,337 - root - INFO - **************** Pet Module Test Passed *****************
2024-06-03 14:04:19,337 - root - INFO - **************** Pet Module Test Passed *****************
2024-06-03 14:04:19,337 - root - INFO - **************** Pet Module Test Passed *****************
2024-06-03 14:04:19,347 - root - INFO - **************** Creating User *****************
2024-06-03 14:04:19,347 - root - INFO - **************** Creating User *****************
2024-06-03 14:04:19,347 - root - INFO - **************** Creating User *****************
2024-06-03 14:04:21,091 - root - INFO - **************** User Created *****************
2024-06-03 14:04:21,091 - root - INFO - **************** User Created *****************
2024-06-03 14:04:21,091 - root - INFO - **************** User Created *****************
2024-06-03 14:04:21,098 - root - INFO - **************** Getting User Info *****************
2024-06-03 14:04:21,098 - root - INFO - **************** Getting User Info *****************
2024-06-03 14:04:21,098 - root - INFO - **************** Getting User Info *****************
2024-06-03 14:04:22,928 - root - INFO - **************** User Info Displayed *****************
2024-06-03 14:04:22,928 - root - INFO - **************** User Info Displayed *****************
2024-06-03 14:04:22,928 - root - INFO - **************** User Info Displayed *****************
2024-06-03 14:04:22,930 - root - INFO - **************** Validating User Data *****************
2024-06-03 14:04:22,930 - root - INFO - **************** Validating User Data *****************
2024-06-03 14:04:22,930 - root - INFO - **************** Validating User Data *****************
2024-06-03 14:04:22,930 - root - INFO - **************** User Data Validated *****************
2024-06-03 14:04:22,930 - root - INFO - **************** User Data Validated *****************
2024-06-03 14:04:22,930 - root - INFO - **************** User Data Validated *****************
2024-06-03 14:04:22,938 - root - INFO - **************** Updating User Info *****************
2024-06-03 14:04:22,938 - root - INFO - **************** Updating User Info *****************
2024-06-03 14:04:22,938 - root - INFO - **************** Updating User Info *****************
2024-06-03 14:04:27,044 - root - INFO - **************** User Data Updated *****************
2024-06-03 14:04:27,044 - root - INFO - **************** User Data Updated *****************
2024-06-03 14:04:27,044 - root - INFO - **************** User Data Updated *****************
2024-06-03 14:04:27,045 - root - INFO - **************** Validating Updated Data *****************
2024-06-03 14:04:27,045 - root - INFO - **************** Validating Updated Data *****************
2024-06-03 14:04:27,045 - root - INFO - **************** Validating Updated Data *****************
2024-06-03 14:04:27,046 - root - INFO - **************** Updated Data Validation Failed*****************
2024-06-03 14:04:27,046 - root - INFO - **************** Updated Data Validation Failed*****************
2024-06-03 14:04:27,046 - root - INFO - **************** Updated Data Validation Failed*****************
2024-06-03 14:04:27,054 - root - INFO - **************** Deleting User *****************
2024-06-03 14:04:27,054 - root - INFO - **************** Deleting User *****************
2024-06-03 14:04:27,054 - root - INFO - **************** Deleting User *****************
2024-06-03 14:04:28,917 - root - INFO - **************** User Deleted*****************
2024-06-03 14:04:28,917 - root - INFO - **************** User Deleted*****************
2024-06-03 14:04:28,917 - root - INFO - **************** User Deleted*****************
2024-06-03 14:04:28,917 - root - INFO - **************** User Module Test Passed *****************
2024-06-03 14:04:28,917 - root - INFO - **************** User Module Test Passed *****************
2024-06-03 14:04:28,917 - root - INFO - **************** User Module Test Passed *****************
